<?xml version="1.0" encoding="UTF-8"?>
<testsuite name="ohtu.verkkokauppa.KauppaTest" tests="8" skipped="0" failures="0" errors="0" timestamp="2021-11-28T11:09:02" hostname="DESKTOP-M09QJ2G" time="0.61">
  <properties/>
  <testcase name="ostoksenPaaytyttyaPankinMetodiaTilisiirtoKutsutaanOikeillaParametreillaKunOstetaanKaksiEriTuotettaVainToistaVarastossa" classname="ohtu.verkkokauppa.KauppaTest" time="0.596"/>
  <testcase name="kauppaPyytaaUudenViitenumeronJokaiselleOstokselle" classname="ohtu.verkkokauppa.KauppaTest" time="0.001"/>
  <testcase name="ostoksenPaaytyttyaPankinMetodiaTilisiirtoKutsutaanOikeillaParametreilla" classname="ohtu.verkkokauppa.KauppaTest" time="0.001"/>
  <testcase name="ostoksenPaaytyttyaPankinMetodiaTilisiirtoKutsutaanOikeillaParametreillaKunOstetaanKaksiEriTuotetta" classname="ohtu.verkkokauppa.KauppaTest" time="0.001"/>
  <testcase name="ostoksenPaaytyttyaPankinMetodiaTilisiirtoKutsutaan" classname="ohtu.verkkokauppa.KauppaTest" time="0.004"/>
  <testcase name="ostoksenPaaytyttyaPankinMetodiaTilisiirtoKutsutaanOikeillaParametreillaKunOstetaanKaksiSamaaTuotetta" classname="ohtu.verkkokauppa.KauppaTest" time="0.002"/>
  <testcase name="koristaPoistoPalauttaaVarastoon" classname="ohtu.verkkokauppa.KauppaTest" time="0.001"/>
  <testcase name="aloitaAsiointiNollaOstoskorin" classname="ohtu.verkkokauppa.KauppaTest" time="0.002"/>
  <system-out><![CDATA[]]></system-out>
  <system-err><![CDATA[]]></system-err>
</testsuite>
